TN:
SF:src/contracts/RiskSteward.sol
FN:41,RiskSteward.onlyRiskCouncil
FNDA:266,RiskSteward.onlyRiskCouncil
DA:42,266
DA:42,266
BRDA:42,0,0,256
BRDA:42,0,1,7
DA:42,256
FN:52,RiskSteward.
FNDA:0,RiskSteward.
DA:58,0
DA:58,0
DA:59,0
DA:59,0
DA:60,0
DA:60,0
DA:61,0
DA:61,0
FN:65,RiskSteward.updateCaps
FNDA:266,RiskSteward.updateCaps
DA:66,10
DA:66,10
DA:67,4
DA:67,4
FN:71,RiskSteward.updateRates
FNDA:263,RiskSteward.updateRates
DA:72,7
DA:72,7
DA:73,3
DA:73,3
FN:77,RiskSteward.updateCollateralSide
FNDA:266,RiskSteward.updateCollateralSide
DA:80,10
DA:80,10
DA:81,3
DA:81,3
FN:85,RiskSteward.getTimelock
FNDA:6,RiskSteward.getTimelock
DA:86,6
DA:86,6
FN:90,RiskSteward.setRiskConfig
FNDA:259,RiskSteward.setRiskConfig
DA:91,3
DA:91,3
DA:92,3
DA:92,3
FN:96,RiskSteward.getRiskConfig
FNDA:1,RiskSteward.getRiskConfig
DA:97,1
DA:97,1
FN:101,RiskSteward.isAssetRestricted
FNDA:2,RiskSteward.isAssetRestricted
DA:102,2
DA:102,2
FN:106,RiskSteward.setAssetRestricted
FNDA:261,RiskSteward.setAssetRestricted
DA:107,5
DA:107,5
DA:108,5
DA:108,5
FN:115,RiskSteward._validateCapsUpdate
FNDA:10,RiskSteward._validateCapsUpdate
DA:116,10
DA:116,10
BRDA:116,1,0,-
BRDA:116,1,1,10
DA:116,0
DA:118,10
DA:118,10
DA:118,14
DA:118,4
DA:119,10
DA:119,10
DA:121,10
BRDA:121,2,0,1
BRDA:121,2,1,9
DA:121,1
DA:122,9
DA:122,9
DA:122,9
DA:122,8
BRDA:122,3,0,1
BRDA:122,3,1,8
DA:122,1
DA:124,8
DA:124,8
DA:124,8
DA:128,8
DA:128,8
DA:137,4
DA:137,4
FN:153,RiskSteward._validateRatesUpdate
FNDA:7,RiskSteward._validateRatesUpdate
DA:154,7
DA:154,7
BRDA:154,4,0,-
BRDA:154,4,1,7
DA:154,0
DA:156,7
DA:156,7
DA:156,10
DA:156,3
DA:157,7
DA:157,7
DA:158,7
BRDA:158,5,0,1
BRDA:158,5,1,6
DA:158,1
DA:160,6
DA:160,6
DA:165,6
DA:165,6
DA:167,5
DA:167,5
DA:176,3
DA:176,3
DA:185,3
DA:185,3
DA:194,3
DA:194,3
FN:210,RiskSteward._validateCollateralsUpdate
FNDA:10,RiskSteward._validateCollateralsUpdate
DA:213,10
DA:213,10
BRDA:213,6,0,-
BRDA:213,6,1,10
DA:213,0
DA:215,10
DA:215,10
DA:215,13
DA:215,3
DA:216,10
DA:216,10
DA:218,10
BRDA:218,7,0,1
BRDA:218,7,1,9
DA:218,1
DA:219,9
DA:219,9
BRDA:219,8,0,1
BRDA:219,8,1,8
DA:219,1
DA:221,8
DA:221,8
DA:221,8
DA:221,8
DA:221,8
DA:222,7
DA:222,7
DA:223,7
DA:223,7
DA:224,7
DA:224,7
BRDA:220,9,0,1
BRDA:220,9,1,7
DA:225,1
DA:225,1
DA:227,7
DA:227,7
DA:238,7
DA:238,7
DA:239,7
DA:239,7
DA:239,7
DA:241,7
DA:241,7
DA:250,4
DA:250,4
DA:259,4
DA:259,4
DA:268,4
DA:268,4
FN:284,RiskSteward._validateParamUpdate
FNDA:45,RiskSteward._validateParamUpdate
DA:287,45
DA:287,45
BRDA:287,10,0,37
BRDA:287,10,1,35
DA:287,45
DA:289,37
DA:289,37
DA:289,37
BRDA:289,11,0,3
BRDA:289,11,1,34
DA:289,3
DA:291,34
DA:291,34
BRDA:290,12,0,7
BRDA:290,12,1,27
DA:297,7
DA:297,7
FN:304,RiskSteward._updateCaps
FNDA:4,RiskSteward._updateCaps
DA:305,4
DA:305,4
DA:305,8
DA:305,4
DA:306,4
DA:306,4
DA:308,4
DA:308,4
BRDA:308,13,0,3
BRDA:308,13,1,4
DA:309,3
DA:309,3
DA:312,4
DA:312,4
BRDA:312,14,0,3
BRDA:312,14,1,4
DA:313,3
DA:313,3
DA:317,4
DA:317,4
FN:326,RiskSteward._updateRates
FNDA:3,RiskSteward._updateRates
DA:327,3
DA:327,3
DA:327,6
DA:327,3
DA:328,3
DA:328,3
DA:330,3
DA:330,3
BRDA:330,15,0,3
BRDA:330,15,1,3
DA:331,3
DA:331,3
DA:334,3
DA:334,3
BRDA:334,16,0,3
BRDA:334,16,1,3
DA:335,3
DA:335,3
DA:338,3
DA:338,3
BRDA:338,17,0,3
BRDA:338,17,1,3
DA:339,3
DA:339,3
DA:342,3
DA:342,3
BRDA:342,18,0,3
BRDA:342,18,1,3
DA:343,3
DA:343,3
DA:347,3
DA:347,3
FN:356,RiskSteward._updateCollateralSide
FNDA:3,RiskSteward._updateCollateralSide
DA:357,3
DA:357,3
DA:357,6
DA:357,3
DA:358,3
DA:358,3
DA:360,3
DA:360,3
BRDA:360,19,0,2
BRDA:360,19,1,3
DA:361,2
DA:361,2
DA:364,3
DA:364,3
BRDA:364,20,0,2
BRDA:364,20,1,3
DA:365,2
DA:365,2
DA:368,3
DA:368,3
BRDA:368,21,0,2
BRDA:368,21,1,3
DA:369,2
DA:369,2
DA:372,3
DA:372,3
BRDA:372,22,0,3
BRDA:372,22,1,3
DA:373,3
DA:373,3
DA:377,3
DA:377,3
FN:390,RiskSteward._getInterestRatesForAsset
FNDA:6,RiskSteward._getInterestRatesForAsset
DA:402,6
DA:402,6
DA:402,6
DA:403,6
DA:403,6
DA:404,6
DA:404,6
DA:406,5
DA:406,5
FN:423,RiskSteward._updateWithinAllowedRange
FNDA:34,RiskSteward._updateWithinAllowedRange
DA:430,34
DA:430,34
DA:430,34
DA:435,34
DA:435,34
DA:435,34
DA:436,34
DA:436,34
BRDA:436,23,0,7
BRDA:436,23,1,27
DA:436,7
DA:437,27
DA:437,27
FNF:19
FNH:18
LF:94
LH:90
BRF:48
BRH:45
end_of_record
TN:
SF:tests/utils/ConfigEngineDeployer.sol
FN:21,ConfigEngineDeployer.deployEngine
FNDA:22,ConfigEngineDeployer.deployEngine
DA:22,22
DA:22,22
DA:22,22
DA:33,22
DA:33,22
DA:33,22
DA:43,22
DA:43,22
DA:44,22
DA:44,22
FNF:1
FNH:1
LF:4
LH:4
BRF:0
BRH:0
end_of_record
